File created on 02/05/2022 at 21:26:26.772

[02/05/2022 - 21:26:26.780 INFO] (\V4.1\server.js:64:16): Serveur démarré sur le port 1111
[02/05/2022 - 21:27:58.547 INFO] (\V4.1\server.js:68:16): Serveur démarré sur le port 1111
[02/05/2022 - 21:29:59.334 INFO] (\V4.1\server.js:68:16): Serveur démarré sur le port 1111
[02/05/2022 - 21:38:23.545 INFO] (\V4.1\server.js:73:16): Serveur démarré sur le port 1111
[02/05/2022 - 21:41:24.644 INFO] (\V4.1\server.js:73:16): Serveur démarré sur le port 1111
[02/05/2022 - 21:41:46.571 INFO] (\V4.1\server.js:73:16): Serveur démarré sur le port 1111
[02/05/2022 - 21:42:18.784 INFO] (\V4.1\server.js:73:16): Serveur démarré sur le port 1111
[02/05/2022 - 21:43:59.476 INFO] (\V4.1\server.js:77:16): Serveur démarré sur le port 1111
[02/05/2022 - 21:44:21.559 INFO] (\V4.1\server.js:77:16): Serveur démarré sur le port 1111
[02/05/2022 - 21:45:11.916 INFO] (\V4.1\server.js:77:16): Serveur démarré sur le port 1111
[02/05/2022 - 21:46:00.002 INFO] (\V4.1\server.js:77:16): Serveur démarré sur le port 1111
[02/05/2022 - 21:48:50.253 INFO] (\V4.1\server.js:77:16): Serveur démarré sur le port 1111
[02/05/2022 - 21:50:16.674 INFO] (\V4.1\server.js:77:16): Serveur démarré sur le port 1111
[02/05/2022 - 21:51:55.535 INFO] (\V4.1\server.js:77:16): Serveur démarré sur le port 1111
[02/05/2022 - 22:11:02.206 INFO] (\V4.1\server.js:90:16): Serveur démarré sur le port 1111
[02/05/2022 - 22:12:42.715 INFO] (\V4.1\server.js:90:16): Serveur démarré sur le port 1111
[02/05/2022 - 22:13:44.074 INFO] (\V4.1\server.js:90:16): Serveur démarré sur le port 1111
[02/05/2022 - 22:14:08.239 INFO] (\V4.1\server.js:91:16): Serveur démarré sur le port 1111
[02/05/2022 - 22:14:39.904 INFO] (\V4.1\server.js:86:16): Serveur démarré sur le port 1111
[02/05/2022 - 22:14:56.107 INFO] (\V4.1\server.js:89:16): Serveur démarré sur le port 1111
[02/05/2022 - 22:15:43.642 INFO] (\V4.1\server.js:89:16): Serveur démarré sur le port 1111
[02/05/2022 - 22:17:35.216 INFO] (\V4.1\server.js:89:16): Serveur démarré sur le port 1111
[02/05/2022 - 22:18:57.122 INFO] (\V4.1\server.js:83:16): Serveur démarré sur le port 1111
[02/05/2022 - 22:19:07.289 INFO] (\V4.1\server.js:88:16): Serveur démarré sur le port 1111
[02/05/2022 - 22:20:59.704 INFO] (\V4.1\server.js:88:16): Serveur démarré sur le port 1111
[02/05/2022 - 22:21:32.876 INFO] (\V4.1\server.js:90:16): Serveur démarré sur le port 1111
[02/05/2022 - 22:22:37.269 INFO] (\V4.1\server.js:91:16): Serveur démarré sur le port 1111
[02/05/2022 - 22:23:16.635 INFO] (\V4.1\server.js:84:16): Serveur démarré sur le port 1111
[02/05/2022 - 22:24:34.043 INFO] (\V4.1\server.js:87:16): Serveur démarré sur le port 1111
[02/05/2022 - 22:25:04.071 INFO] (\V4.1\server.js:88:16): Serveur démarré sur le port 1111
[02/05/2022 - 22:32:48.734 INFO] (\V4.1\server.js:87:16): Serveur démarré sur le port 1111
[02/05/2022 - 22:51:02.975 INFO] (\V4.1\server.js:93:16): Serveur démarré sur le port 1111
[02/05/2022 - 22:54:36.872 INFO] (\V4.1\server.js:93:16): Serveur démarré sur le port 1111
[10/05/2022 - 18:05:01.698 INFO] (\V4.1\server.js:93:16): Serveur démarré sur le port 1111
[10/05/2022 - 22:51:00.168 INFO] (\V4.1\server.js:93:16): Serveur démarré sur le port 1111
[28/05/2022 - 21:15:29.054 INFO] (\V4.1\server.js:93:16): Serveur démarré sur le port 1111
[28/05/2022 - 22:04:41.523 INFO] (\V4.1\server.js:93:16): Serveur démarré sur le port 1111
[28/05/2022 - 22:15:03.120 INFO] (\V4.1\server.js:93:16): Serveur démarré sur le port 1111
[02/06/2022 - 18:18:10.649 INFO] (\V4.1\server.js:93:16): Serveur démarré sur le port 1111
[02/06/2022 - 20:13:04.967 INFO] (\V4.1\server.js:96:16): Serveur démarré sur le port 1111
[02/06/2022 - 20:16:38.093 INFO] (\V4.1\server.js:96:16): Serveur démarré sur le port 1111
[02/06/2022 - 20:17:14.578 INFO] (\V4.1\server.js:96:16): Serveur démarré sur le port 1111
[02/06/2022 - 20:18:19.994 INFO] (\V4.1\server.js:96:16): Serveur démarré sur le port 1111
[02/06/2022 - 20:20:39.886 INFO] (\V4.1\server.js:96:16): Serveur démarré sur le port 1111
[02/06/2022 - 20:21:03.961 INFO] (\V4.1\server.js:96:16): Serveur démarré sur le port 1111
[02/06/2022 - 20:22:15.393 INFO] (\V4.1\server.js:96:16): Serveur démarré sur le port 1111
[02/06/2022 - 20:22:49.204 INFO] (\V4.1\server.js:96:16): Serveur démarré sur le port 1111
[02/06/2022 - 20:23:55.707 INFO] (\V4.1\server.js:96:16): Serveur démarré sur le port 1111
[02/06/2022 - 20:24:26.132 INFO] (\V4.1\server.js:96:16): Serveur démarré sur le port 1111
[02/06/2022 - 20:24:36.646 INFO] (\V4.1\server.js:96:16): Serveur démarré sur le port 1111
[02/06/2022 - 20:24:45.198 INFO] (\V4.1\server.js:96:16): Serveur démarré sur le port 1111
[02/06/2022 - 20:25:08.878 INFO] (\V4.1\server.js:96:16): Serveur démarré sur le port 1111
[02/06/2022 - 20:33:08.733 INFO] (\V4.1\server.js:96:16): Serveur démarré sur le port 1111
[02/06/2022 - 20:33:29.550 INFO] (\V4.1\server.js:96:16): Serveur démarré sur le port 1111
[02/06/2022 - 20:34:35.179 INFO] (\V4.1\server.js:96:16): Serveur démarré sur le port 1111
[02/06/2022 - 20:34:57.398 INFO] (\V4.1\server.js:96:16): Serveur démarré sur le port 1111
[02/06/2022 - 20:35:11.617 INFO] (\V4.1\server.js:96:16): Serveur démarré sur le port 1111
[02/06/2022 - 20:35:30.387 INFO] (\V4.1\server.js:96:16): Serveur démarré sur le port 1111
[02/06/2022 - 20:35:43.643 INFO] (\V4.1\server.js:96:16): Serveur démarré sur le port 1111
[02/06/2022 - 20:36:40.396 INFO] (\V4.1\server.js:96:16): Serveur démarré sur le port 1111
[02/06/2022 - 20:36:49.871 INFO] (\V4.1\server.js:96:16): Serveur démarré sur le port 1111
[02/06/2022 - 20:43:50.215 INFO] (\V4.1\server.js:96:16): Serveur démarré sur le port 1111
[02/06/2022 - 20:44:34.655 INFO] (\V4.1\server.js:96:16): Serveur démarré sur le port 1111
[02/06/2022 - 20:45:09.797 INFO] (\V4.1\server.js:96:16): Serveur démarré sur le port 1111
[02/06/2022 - 20:45:40.160 INFO] (\V4.1\server.js:96:16): Serveur démarré sur le port 1111
[02/06/2022 - 20:45:51.448 INFO] (\V4.1\server.js:96:16): Serveur démarré sur le port 1111
[02/06/2022 - 20:46:04.801 INFO] (\V4.1\server.js:96:16): Serveur démarré sur le port 1111
[02/06/2022 - 20:47:46.690 INFO] (\V4.1\server.js:96:16): Serveur démarré sur le port 1111
[02/06/2022 - 20:48:13.476 INFO] (\V4.1\server.js:96:16): Serveur démarré sur le port 1111
[02/06/2022 - 20:49:00.076 INFO] (\V4.1\server.js:96:16): Serveur démarré sur le port 1111
[02/06/2022 - 20:49:25.044 INFO] (\V4.1\server.js:96:16): Serveur démarré sur le port 1111
[02/06/2022 - 20:50:28.250 INFO] (\V4.1\server.js:96:16): Serveur démarré sur le port 1111
[02/06/2022 - 20:50:36.868 INFO] (\V4.1\server.js:96:16): Serveur démarré sur le port 1111
[02/06/2022 - 20:51:26.887 INFO] (\V4.1\server.js:96:16): Serveur démarré sur le port 1111
[02/06/2022 - 20:59:05.189 INFO] (\V4.1\server.js:96:16): Serveur démarré sur le port 1111
[02/06/2022 - 20:59:15.106 INFO] (\V4.1\server.js:96:16): Serveur démarré sur le port 1111
[02/06/2022 - 21:13:17.614 INFO] (\V4.1\server.js:96:16): Serveur démarré sur le port 1111
[02/06/2022 - 21:14:52.712 INFO] (\V4.1\server.js:96:16): Serveur démarré sur le port 1111
[02/06/2022 - 21:38:59.936 INFO] (\V4.1\server.js:96:16): Serveur démarré sur le port 1111
[02/06/2022 - 21:39:26.521 INFO] (\V4.1\server.js:96:16): Serveur démarré sur le port 1111
[02/06/2022 - 21:40:17.738 INFO] (\V4.1\server.js:96:16): Serveur démarré sur le port 1111
[02/06/2022 - 21:40:32.892 INFO] (\V4.1\server.js:96:16): Serveur démarré sur le port 1111
[02/06/2022 - 21:41:07.626 INFO] (\V4.1\server.js:96:16): Serveur démarré sur le port 1111
[02/06/2022 - 21:42:16.624 INFO] (\V4.1\server.js:96:16): Serveur démarré sur le port 1111
[02/06/2022 - 21:48:59.894 INFO] (\V4.1\server.js:96:16): Serveur démarré sur le port 1111
[02/06/2022 - 21:49:18.633 INFO] (\V4.1\server.js:96:16): Serveur démarré sur le port 1111
[02/06/2022 - 22:22:39.029 INFO] (\V4.1\server.js:96:16): Serveur démarré sur le port 1111
[02/06/2022 - 22:22:54.349 INFO] (\V4.1\server.js:96:16): Serveur démarré sur le port 1111
[02/06/2022 - 22:23:15.731 INFO] (\V4.1\server.js:96:16): Serveur démarré sur le port 1111
[02/06/2022 - 22:23:34.917 INFO] (\V4.1\server.js:96:16): Serveur démarré sur le port 1111
[02/06/2022 - 22:32:36.169 INFO] (\V4.1\server.js:96:16): Serveur démarré sur le port 1111
[02/06/2022 - 22:33:25.285 INFO] (\V4.1\server.js:96:16): Serveur démarré sur le port 1111
[02/06/2022 - 22:33:52.433 INFO] (\V4.1\server.js:96:16): Serveur démarré sur le port 1111
[02/06/2022 - 22:34:14.689 INFO] (\V4.1\server.js:96:16): Serveur démarré sur le port 1111
[02/06/2022 - 22:34:41.656 INFO] (\V4.1\server.js:96:16): Serveur démarré sur le port 1111
[02/06/2022 - 22:35:01.207 INFO] (\V4.1\server.js:96:16): Serveur démarré sur le port 1111
[02/06/2022 - 22:39:26.067 INFO] (\V4.1\server.js:96:16): Serveur démarré sur le port 1111
[02/06/2022 - 22:39:42.420 INFO] (\V4.1\server.js:96:16): Serveur démarré sur le port 1111
[02/06/2022 - 22:39:59.097 INFO] (\V4.1\server.js:96:16): Serveur démarré sur le port 1111
[02/06/2022 - 22:40:17.675 INFO] (\V4.1\server.js:96:16): Serveur démarré sur le port 1111
[02/06/2022 - 22:40:37.490 INFO] (\V4.1\server.js:96:16): Serveur démarré sur le port 1111
[02/06/2022 - 22:41:43.922 INFO] (\V4.1\server.js:96:16): Serveur démarré sur le port 1111
[02/06/2022 - 22:42:09.351 INFO] (\V4.1\server.js:96:16): Serveur démarré sur le port 1111
[02/06/2022 - 22:42:44.550 INFO] (\V4.1\server.js:96:16): Serveur démarré sur le port 1111
[02/06/2022 - 22:44:15.776 INFO] (\V4.1\server.js:96:16): Serveur démarré sur le port 1111
[02/06/2022 - 22:44:28.846 INFO] (\V4.1\server.js:96:16): Serveur démarré sur le port 1111
[02/06/2022 - 22:44:57.203 INFO] (\V4.1\server.js:96:16): Serveur démarré sur le port 1111
[02/06/2022 - 22:45:22.355 INFO] (\V4.1\server.js:96:16): Serveur démarré sur le port 1111
[02/06/2022 - 22:51:07.488 INFO] (\V4.1\server.js:96:16): Serveur démarré sur le port 1111
[02/06/2022 - 22:58:02.890 INFO] (\V4.1\server.js:117:16): Serveur démarré sur le port 1111
[02/06/2022 - 22:58:02.990 LOG] (\V4.1\server.js:102:16): [sock][+] [LP-AKjtI4lViPtCgAAAB] Connected.
[02/06/2022 - 22:58:04.642 LOG] (\V4.1\server.js:106:20): [sock][-] [undefined] Disconnected.
[02/06/2022 - 22:58:04.974 LOG] (\V4.1\server.js:102:16): [sock][+] [lkHCuvpH8-riFEl4AAAD] Connected.
[02/06/2022 - 22:58:15.874 INFO] (\V4.1\server.js:117:16): Serveur démarré sur le port 1111
[02/06/2022 - 22:58:16.132 LOG] (\V4.1\server.js:102:16): [sock][+] [eS5gIg1PVZAmIXKTAAAB] Connected.
[02/06/2022 - 22:58:26.117 LOG] (\V4.1\server.js:106:20): [sock][-] [undefined] Disconnected.
[02/06/2022 - 22:58:26.601 LOG] (\V4.1\server.js:102:16): [sock][+] [AhtSOZJTy8_OlPSyAAAD] Connected.
[02/06/2022 - 22:58:44.126 LOG] (\V4.1\server.js:106:20): [sock][-] [undefined] Disconnected.
[02/06/2022 - 22:58:44.500 LOG] (\V4.1\server.js:102:16): [sock][+] [WS2gf7_G25r31C5PAAAF] Connected.
[02/06/2022 - 22:59:01.939 LOG] (\V4.1\server.js:106:20): [sock][-] [undefined] Disconnected.
[02/06/2022 - 22:59:02.322 LOG] (\V4.1\server.js:102:16): [sock][+] [Q-yIRnUJP8I5tP_dAAAH] Connected.
[02/06/2022 - 22:59:22.320 LOG] (\V4.1\server.js:106:20): [sock][-] [undefined] Disconnected.
[02/06/2022 - 22:59:22.635 LOG] (\V4.1\server.js:102:16): [sock][+] [l71HtczsQF-BDRd5AAAJ] Connected.
[02/06/2022 - 23:04:00.258 INFO] (\V4.1\server.js:117:16): Serveur démarré sur le port 1111
[02/06/2022 - 23:04:00.302 LOG] (\V4.1\server.js:102:16): [sock][+] [A6P1Dg_pAXEULHYBAAAB] Connected.
[02/06/2022 - 23:05:25.178 INFO] (\V4.1\server.js:117:16): Serveur démarré sur le port 1111
[02/06/2022 - 23:05:25.396 LOG] (\V4.1\server.js:102:16): [sock][+] [sTXFKHHeoTvb_IBEAAAB] Connected.
[02/06/2022 - 23:07:23.031 INFO] (\V4.1\server.js:117:16): Serveur démarré sur le port 1111
[02/06/2022 - 23:07:23.073 LOG] (\V4.1\server.js:102:16): [sock][+] [si7h3UKAb1m8cHdBAAAB] Connected.
[02/06/2022 - 23:08:22.866 INFO] (\V4.1\server.js:117:16): Serveur démarré sur le port 1111
[02/06/2022 - 23:08:22.977 LOG] (\V4.1\server.js:102:16): [sock][+] [-ECP0hLaU30w560LAAAB] Connected.
[02/06/2022 - 23:08:47.309 INFO] (\V4.1\server.js:119:16): Serveur démarré sur le port 1111
[02/06/2022 - 23:08:47.384 LOG] (\V4.1\server.js:104:16): [sock][+] [k92bGM19m6SghdRLAAAB] Connected.
[02/06/2022 - 23:22:52.761 LOG] (\V4.1\server.js:108:20): [sock][-] [undefined] Disconnected.
[02/06/2022 - 23:22:53.549 LOG] (\V4.1\server.js:104:16): [sock][+] [Jme5IYY6t9JzKs4YAAAD] Connected.
[02/06/2022 - 23:23:51.266 LOG] (\V4.1\server.js:108:20): [sock][-] [undefined] Disconnected.
[02/06/2022 - 23:23:51.982 LOG] (\V4.1\server.js:104:16): [sock][+] [xAyOrfGTepEJRdpYAAAF] Connected.
[02/06/2022 - 23:28:08.290 INFO] (\V4.1\server.js:119:16): Serveur démarré sur le port 1111
[02/06/2022 - 23:28:08.923 LOG] (\V4.1\server.js:104:16): [sock][+] [UDRAaNKsdrs3nnX4AAAB] Connected.
[02/06/2022 - 23:29:07.806 LOG] (\V4.1\server.js:108:20): [sock][-] [undefined] Disconnected.
[02/06/2022 - 23:29:08.166 LOG] (\V4.1\server.js:104:16): [sock][+] [-xoCDfah5L_eTLxBAAAD] Connected.
[02/06/2022 - 23:29:16.774 LOG] (\V4.1\server.js:108:20): [sock][-] [undefined] Disconnected.
[02/06/2022 - 23:29:17.078 LOG] (\V4.1\server.js:104:16): [sock][+] [mhq-K4NVCJpj9LfQAAAF] Connected.
[02/06/2022 - 23:39:22.152 INFO] (\V4.1\server.js:119:16): Serveur démarré sur le port 1111
[02/06/2022 - 23:39:22.316 LOG] (\V4.1\server.js:104:16): [sock][+] [cPd6Y0qrWOPMDd_eAAAB] Connected.
[02/06/2022 - 23:40:47.974 LOG] (\V4.1\server.js:108:20): [sock][-] [undefined] Disconnected.
[02/06/2022 - 23:40:53.640 LOG] (\V4.1\server.js:104:16): [sock][+] [DgXvWA8dBy-S1yBJAAAD] Connected.
[02/06/2022 - 23:44:21.253 INFO] (\V4.1\server.js:119:16): Serveur démarré sur le port 1111
[02/06/2022 - 23:44:21.335 LOG] (\V4.1\server.js:104:16): [sock][+] [CaPD8RGkRFiphpQ_AAAB] Connected.
[02/06/2022 - 23:44:51.072 INFO] (\V4.1\server.js:119:16): Serveur démarré sur le port 1111
[02/06/2022 - 23:44:51.272 LOG] (\V4.1\server.js:104:16): [sock][+] [g4s1kh8v7wnDZ6NwAAAB] Connected.
[02/06/2022 - 23:45:40.716 INFO] (\V4.1\server.js:119:16): Serveur démarré sur le port 1111
[02/06/2022 - 23:45:41.428 LOG] (\V4.1\server.js:104:16): [sock][+] [N8E6FQV12TMdVkQeAAAB] Connected.
[02/06/2022 - 23:45:46.443 LOG] (\V4.1\server.js:108:20): [sock][-] [undefined] Disconnected.
[02/06/2022 - 23:45:46.975 LOG] (\V4.1\server.js:104:16): [sock][+] [HHIcaNQNvdVrXwIaAAAD] Connected.
[02/06/2022 - 23:46:05.554 INFO] (\V4.1\server.js:119:16): Serveur démarré sur le port 1111
[02/06/2022 - 23:46:05.888 LOG] (\V4.1\server.js:104:16): [sock][+] [E7fVKPtKrlIAoQbgAAAB] Connected.
[02/06/2022 - 23:46:21.412 INFO] (\V4.1\server.js:119:16): Serveur démarré sur le port 1111
[02/06/2022 - 23:46:21.466 LOG] (\V4.1\server.js:104:16): [sock][+] [Iiw0G4aeCYlqOpNcAAAB] Connected.
[02/06/2022 - 23:46:45.606 INFO] (\V4.1\server.js:119:16): Serveur démarré sur le port 1111
[02/06/2022 - 23:46:45.661 LOG] (\V4.1\server.js:104:16): [sock][+] [EHNjZRTzuNJFdDOXAAAB] Connected.
[02/06/2022 - 23:47:30.597 INFO] (\V4.1\server.js:119:16): Serveur démarré sur le port 1111
[02/06/2022 - 23:47:30.692 LOG] (\V4.1\server.js:104:16): [sock][+] [dd_-LFyudx_umF0fAAAB] Connected.
[02/06/2022 - 23:47:43.646 INFO] (\V4.1\server.js:119:16): Serveur démarré sur le port 1111
[02/06/2022 - 23:47:43.849 LOG] (\V4.1\server.js:104:16): [sock][+] [5qySk8LWWW2jQ9AVAAAB] Connected.
[02/06/2022 - 23:47:54.976 INFO] (\V4.1\server.js:119:16): Serveur démarré sur le port 1111
[02/06/2022 - 23:47:55.025 LOG] (\V4.1\server.js:104:16): [sock][+] [Ta1YnU3stEN5TQB0AAAB] Connected.
[02/06/2022 - 23:50:44.496 LOG] (\V4.1\server.js:108:20): [sock][-] [undefined] Disconnected.
[02/06/2022 - 23:50:44.931 LOG] (\V4.1\server.js:104:16): [sock][+] [ltTKIv-smMAR8zKGAAAD] Connected.
[03/06/2022 - 13:38:47.593 INFO] (\V4.1\server.js:119:16): Serveur démarré sur le port 1111
[03/06/2022 - 13:39:02.760 INFO] (\V4.1\server.js:119:16): Serveur démarré sur le port 1111
[03/06/2022 - 13:39:38.873 INFO] (\V4.1\server.js:119:16): Serveur démarré sur le port 1111
[03/06/2022 - 13:41:33.371 INFO] (\V4.1\server.js:119:16): Serveur démarré sur le port 1111
[03/06/2022 - 13:42:27.363 INFO] (\V4.1\server.js:119:16): Serveur démarré sur le port 1111
[03/06/2022 - 13:46:39.715 INFO] (\V4.1\server.js:119:16): Serveur démarré sur le port 1111
[03/06/2022 - 13:46:50.177 INFO] (\V4.1\server.js:119:16): Serveur démarré sur le port 1111
[03/06/2022 - 13:47:28.042 INFO] (\V4.1\server.js:119:16): Serveur démarré sur le port 1111
[03/06/2022 - 13:55:46.223 INFO] (\V4.1\server.js:119:16): Serveur démarré sur le port 1111
[03/06/2022 - 13:55:55.000 INFO] (\V4.1\server.js:119:16): Serveur démarré sur le port 1111
[03/06/2022 - 14:00:00.219 INFO] (\V4.1\server.js:119:16): Serveur démarré sur le port 1111
[03/06/2022 - 14:03:29.372 INFO] (\V4.1\server.js:119:16): Serveur démarré sur le port 1111
[03/06/2022 - 14:03:47.706 INFO] (\V4.1\server.js:119:16): Serveur démarré sur le port 1111
[03/06/2022 - 14:04:51.856 INFO] (\V4.1\server.js:119:16): Serveur démarré sur le port 1111
[03/06/2022 - 14:05:20.401 INFO] (\V4.1\server.js:119:16): Serveur démarré sur le port 1111
[03/06/2022 - 14:06:51.146 INFO] (\V4.1\server.js:119:16): Serveur démarré sur le port 1111
[03/06/2022 - 14:07:24.884 INFO] (\V4.1\server.js:119:16): Serveur démarré sur le port 1111
[03/06/2022 - 14:09:19.621 INFO] (\V4.1\server.js:119:16): Serveur démarré sur le port 1111
[03/06/2022 - 14:11:04.267 INFO] (\V4.1\server.js:119:16): Serveur démarré sur le port 1111
[03/06/2022 - 14:12:28.733 INFO] (\V4.1\server.js:119:16): Serveur démarré sur le port 1111
[03/06/2022 - 14:13:46.531 INFO] (\V4.1\server.js:119:16): Serveur démarré sur le port 1111
[03/06/2022 - 14:16:15.428 INFO] (\V4.1\server.js:119:16): Serveur démarré sur le port 1111
[03/06/2022 - 14:16:56.878 INFO] (\V4.1\server.js:119:16): Serveur démarré sur le port 1111
[03/06/2022 - 14:17:41.684 INFO] (\V4.1\server.js:119:16): Serveur démarré sur le port 1111
[03/06/2022 - 14:17:55.435 INFO] (\V4.1\server.js:119:16): Serveur démarré sur le port 1111
[03/06/2022 - 14:18:34.435 INFO] (\V4.1\server.js:119:16): Serveur démarré sur le port 1111
[03/06/2022 - 14:18:56.035 INFO] (\V4.1\server.js:119:16): Serveur démarré sur le port 1111
[03/06/2022 - 14:19:39.247 INFO] (\V4.1\server.js:119:16): Serveur démarré sur le port 1111
[03/06/2022 - 14:30:46.863 INFO] (\V4.1\server.js:119:16): Serveur démarré sur le port 1111
[03/06/2022 - 14:32:45.694 INFO] (\V4.1\server.js:119:16): Serveur démarré sur le port 1111
[03/06/2022 - 14:34:02.714 INFO] (\V4.1\server.js:119:16): Serveur démarré sur le port 1111
[03/06/2022 - 14:35:22.688 INFO] (\V4.1\server.js:119:16): Serveur démarré sur le port 1111
[03/06/2022 - 14:35:44.026 INFO] (\V4.1\server.js:119:16): Serveur démarré sur le port 1111
[03/06/2022 - 14:37:16.589 INFO] (\V4.1\server.js:119:16): Serveur démarré sur le port 1111
[03/06/2022 - 14:38:21.734 INFO] (\V4.1\server.js:119:16): Serveur démarré sur le port 1111
[03/06/2022 - 14:42:41.903 INFO] (\V4.1\server.js:119:16): Serveur démarré sur le port 1111
[03/06/2022 - 14:43:01.708 INFO] (\V4.1\server.js:119:16): Serveur démarré sur le port 1111
[03/06/2022 - 14:43:27.849 INFO] (\V4.1\server.js:119:16): Serveur démarré sur le port 1111
[03/06/2022 - 14:44:10.830 INFO] (\V4.1\server.js:119:16): Serveur démarré sur le port 1111
[03/06/2022 - 14:44:24.942 INFO] (\V4.1\server.js:119:16): Serveur démarré sur le port 1111
[03/06/2022 - 14:46:35.933 INFO] (\V4.1\server.js:119:16): Serveur démarré sur le port 1111
[03/06/2022 - 14:46:48.566 INFO] (\V4.1\server.js:119:16): Serveur démarré sur le port 1111
[03/06/2022 - 14:46:57.037 INFO] (\V4.1\server.js:119:16): Serveur démarré sur le port 1111
[03/06/2022 - 14:47:51.636 INFO] (\V4.1\server.js:119:16): Serveur démarré sur le port 1111
[03/06/2022 - 14:48:48.393 INFO] (\V4.1\server.js:119:16): Serveur démarré sur le port 1111
[03/06/2022 - 14:50:59.654 INFO] (\V4.1\server.js:119:16): Serveur démarré sur le port 1111
[03/06/2022 - 14:51:49.102 INFO] (\V4.1\server.js:119:16): Serveur démarré sur le port 1111
[03/06/2022 - 14:51:58.632 INFO] (\V4.1\server.js:119:16): Serveur démarré sur le port 1111
[03/06/2022 - 14:53:34.544 INFO] (\V4.1\server.js:119:16): Serveur démarré sur le port 1111
[03/06/2022 - 14:53:45.922 INFO] (\V4.1\server.js:119:16): Serveur démarré sur le port 1111
[03/06/2022 - 14:54:09.355 INFO] (\V4.1\server.js:119:16): Serveur démarré sur le port 1111
[03/06/2022 - 14:54:19.515 INFO] (\V4.1\server.js:119:16): Serveur démarré sur le port 1111
[03/06/2022 - 14:54:38.646 INFO] (\V4.1\server.js:119:16): Serveur démarré sur le port 1111
[03/06/2022 - 14:54:59.642 INFO] (\V4.1\server.js:119:16): Serveur démarré sur le port 1111
[03/06/2022 - 15:00:11.214 INFO] (\V4.1\server.js:119:16): Serveur démarré sur le port 1111
[03/06/2022 - 15:00:50.162 INFO] (\V4.1\server.js:119:16): Serveur démarré sur le port 1111
[03/06/2022 - 15:01:25.277 INFO] (\V4.1\server.js:119:16): Serveur démarré sur le port 1111
[03/06/2022 - 15:02:20.588 INFO] (\V4.1\server.js:119:16): Serveur démarré sur le port 1111
[03/06/2022 - 15:02:32.611 INFO] (\V4.1\server.js:119:16): Serveur démarré sur le port 1111
[03/06/2022 - 15:02:51.769 INFO] (\V4.1\server.js:119:16): Serveur démarré sur le port 1111
[03/06/2022 - 15:03:02.116 INFO] (\V4.1\server.js:119:16): Serveur démarré sur le port 1111
[03/06/2022 - 15:03:35.747 INFO] (\V4.1\server.js:119:16): Serveur démarré sur le port 1111
[03/06/2022 - 15:04:09.225 INFO] (\V4.1\server.js:119:16): Serveur démarré sur le port 1111
[03/06/2022 - 15:04:40.219 INFO] (\V4.1\server.js:119:16): Serveur démarré sur le port 1111
[03/06/2022 - 15:05:11.967 INFO] (\V4.1\server.js:119:16): Serveur démarré sur le port 1111
[03/06/2022 - 15:07:13.886 INFO] (\V4.1\server.js:119:16): Serveur démarré sur le port 1111
[03/06/2022 - 15:13:07.184 INFO] (\V4.1\server.js:119:16): Serveur démarré sur le port 1111
[03/06/2022 - 15:13:22.839 INFO] (\V4.1\server.js:119:16): Serveur démarré sur le port 1111
[03/06/2022 - 15:16:14.761 INFO] (\V4.1\server.js:119:16): Serveur démarré sur le port 1111
[03/06/2022 - 15:19:23.439 INFO] (\V4.1\server.js:119:16): Serveur démarré sur le port 1111
[03/06/2022 - 15:19:30.888 INFO] (\V4.1\server.js:119:16): Serveur démarré sur le port 1111
[03/06/2022 - 15:19:45.147 INFO] (\V4.1\server.js:119:16): Serveur démarré sur le port 1111
[03/06/2022 - 15:20:35.460 INFO] (\V4.1\server.js:119:16): Serveur démarré sur le port 1111
[03/06/2022 - 15:21:15.215 INFO] (\V4.1\server.js:119:16): Serveur démarré sur le port 1111
[03/06/2022 - 15:23:03.040 INFO] (\V4.1\server.js:119:16): Serveur démarré sur le port 1111
[03/06/2022 - 15:23:50.415 INFO] (\V4.1\server.js:119:16): Serveur démarré sur le port 1111
[03/06/2022 - 15:24:08.027 INFO] (\V4.1\server.js:119:16): Serveur démarré sur le port 1111
[03/06/2022 - 16:16:57.327 INFO] (\V4.1\server.js:119:16): Serveur démarré sur le port 1111
[03/06/2022 - 16:17:11.051 INFO] (\V4.1\server.js:119:16): Serveur démarré sur le port 1111
[03/06/2022 - 16:17:50.290 INFO] (\V4.1\server.js:119:16): Serveur démarré sur le port 1111
[03/06/2022 - 16:46:31.573 INFO] (\V4.1\server.js:119:16): Serveur démarré sur le port 1111
[03/06/2022 - 16:50:57.036 INFO] (\V4.1\server.js:119:16): Serveur démarré sur le port 1111
[03/06/2022 - 16:51:30.972 INFO] (\V4.1\server.js:119:16): Serveur démarré sur le port 1111
[03/06/2022 - 16:51:47.594 INFO] (\V4.1\server.js:119:16): Serveur démarré sur le port 1111
[03/06/2022 - 17:03:06.909 INFO] (\V4.1\server.js:119:16): Serveur démarré sur le port 1111
[03/06/2022 - 17:32:14.361 LOG] (\V4.1\server.js:104:16): [sock][+] [YBMz_VICSyrN-L88AAAB] Connected.
[03/06/2022 - 17:33:27.798 LOG] (\V4.1\server.js:108:20): [sock][-] [undefined] Disconnected.
[03/06/2022 - 17:33:51.576 LOG] (\V4.1\server.js:104:16): [sock][+] [iMzAjz-xW-KHxbxEAAAD] Connected.
[03/06/2022 - 17:34:16.848 LOG] (\V4.1\server.js:108:20): [sock][-] [undefined] Disconnected.
[03/06/2022 - 17:37:17.240 INFO] (\V4.1\server.js:119:16): Serveur démarré sur le port 1111
[03/06/2022 - 17:39:00.600 INFO] (\V4.1\server.js:119:16): Serveur démarré sur le port 1111
[03/06/2022 - 17:42:29.404 INFO] (\V4.1\server.js:119:16): Serveur démarré sur le port 1111
[03/06/2022 - 17:43:06.510 INFO] (\V4.1\server.js:119:16): Serveur démarré sur le port 1111
[03/06/2022 - 18:09:23.672 INFO] (\V4.1\server.js:119:16): Serveur démarré sur le port 1111
[03/06/2022 - 18:12:17.532 INFO] (\V4.1\server.js:119:16): Serveur démarré sur le port 1111
[03/06/2022 - 18:12:17.925 LOG] (\V4.1\server.js:104:16): [sock][+] [g_RcZw1bzsJ1o1rWAAAB] Connected.
[03/06/2022 - 18:15:53.411 INFO] (\V4.1\server.js:119:16): Serveur démarré sur le port 1111
[03/06/2022 - 18:15:54.445 LOG] (\V4.1\server.js:104:16): [sock][+] [XpF_PGs5K5cNU6kpAAAB] Connected.
[03/06/2022 - 18:16:58.817 INFO] (\V4.1\server.js:119:16): Serveur démarré sur le port 1111
[03/06/2022 - 18:17:03.589 LOG] (\V4.1\server.js:104:16): [sock][+] [aqIdVPJvvM9nvujlAAAB] Connected.
[03/06/2022 - 18:24:37.165 INFO] (\V4.1\server.js:119:16): Serveur démarré sur le port 1111
[03/06/2022 - 18:24:37.282 LOG] (\V4.1\server.js:104:16): [sock][+] [dflVWOTvuBnhMuTsAAAB] Connected.
[03/06/2022 - 18:25:42.248 INFO] (\V4.1\server.js:119:16): Serveur démarré sur le port 1111
[03/06/2022 - 18:25:42.591 LOG] (\V4.1\server.js:104:16): [sock][+] [JLvUohY-IVWh8LsMAAAB] Connected.
[03/06/2022 - 18:26:21.955 INFO] (\V4.1\server.js:119:16): Serveur démarré sur le port 1111
[03/06/2022 - 18:26:22.058 LOG] (\V4.1\server.js:104:16): [sock][+] [f3R_t9SSd10sk-QtAAAB] Connected.
[03/06/2022 - 18:27:30.984 INFO] (\V4.1\server.js:119:16): Serveur démarré sur le port 1111
[03/06/2022 - 18:27:31.175 LOG] (\V4.1\server.js:104:16): [sock][+] [_GsL-b-SbW8QAhhDAAAB] Connected.
[03/06/2022 - 18:27:53.254 INFO] (\V4.1\server.js:119:16): Serveur démarré sur le port 1111
[03/06/2022 - 18:27:53.293 LOG] (\V4.1\server.js:104:16): [sock][+] [lOU_5Lihpa8NFvCiAAAB] Connected.
[03/06/2022 - 18:28:25.212 INFO] (\V4.1\server.js:119:16): Serveur démarré sur le port 1111
[03/06/2022 - 18:28:25.367 LOG] (\V4.1\server.js:104:16): [sock][+] [ag6oTRO9Uz7iHyvUAAAB] Connected.
[03/06/2022 - 18:29:11.641 INFO] (\V4.1\server.js:119:16): Serveur démarré sur le port 1111
[03/06/2022 - 18:29:11.880 LOG] (\V4.1\server.js:104:16): [sock][+] [5EElvWtzjXdl3bmbAAAB] Connected.
[03/06/2022 - 18:29:55.387 INFO] (\V4.1\server.js:119:16): Serveur démarré sur le port 1111
[03/06/2022 - 18:29:55.546 LOG] (\V4.1\server.js:104:16): [sock][+] [v97hFKutL54QknHoAAAB] Connected.
[03/06/2022 - 18:31:03.895 INFO] (\V4.1\server.js:119:16): Serveur démarré sur le port 1111
[03/06/2022 - 18:31:04.061 LOG] (\V4.1\server.js:104:16): [sock][+] [TIZAjAc5KaxVJeclAAAB] Connected.
[03/06/2022 - 18:31:34.928 INFO] (\V4.1\server.js:119:16): Serveur démarré sur le port 1111
[03/06/2022 - 18:31:34.978 LOG] (\V4.1\server.js:104:16): [sock][+] [ucMpgkucrNesYJ2vAAAB] Connected.
[03/06/2022 - 18:32:23.525 INFO] (\V4.1\server.js:119:16): Serveur démarré sur le port 1111
[03/06/2022 - 18:32:23.611 LOG] (\V4.1\server.js:104:16): [sock][+] [eR-ZiJ2V7NeS-MOWAAAB] Connected.
[03/06/2022 - 18:33:18.363 INFO] (\V4.1\server.js:119:16): Serveur démarré sur le port 1111
[03/06/2022 - 18:33:18.424 LOG] (\V4.1\server.js:104:16): [sock][+] [O4qyJiCjQYCjyhX3AAAB] Connected.
[03/06/2022 - 18:33:53.534 INFO] (\V4.1\server.js:119:16): Serveur démarré sur le port 1111
[03/06/2022 - 18:33:53.608 LOG] (\V4.1\server.js:104:16): [sock][+] [MvcH3B-K296rteLgAAAB] Connected.
[03/06/2022 - 18:34:32.430 INFO] (\V4.1\server.js:119:16): Serveur démarré sur le port 1111
[03/06/2022 - 18:34:32.557 LOG] (\V4.1\server.js:104:16): [sock][+] [HYXbfhPv-ie96aECAAAB] Connected.
[03/06/2022 - 18:35:31.178 INFO] (\V4.1\server.js:119:16): Serveur démarré sur le port 1111
[03/06/2022 - 18:35:31.262 LOG] (\V4.1\server.js:104:16): [sock][+] [NrO-ZuxYamcFy07iAAAB] Connected.
[03/06/2022 - 18:36:04.792 INFO] (\V4.1\server.js:119:16): Serveur démarré sur le port 1111
[03/06/2022 - 18:36:04.839 LOG] (\V4.1\server.js:104:16): [sock][+] [fJGYioRYrSLtZ8PSAAAB] Connected.
[03/06/2022 - 19:02:53.941 INFO] (\V4.1\server.js:119:16): Serveur démarré sur le port 1111
[03/06/2022 - 19:02:53.993 LOG] (\V4.1\server.js:104:16): [sock][+] [R65bEeiQMMjotPafAAAB] Connected.
[03/06/2022 - 19:04:46.296 INFO] (\V4.1\server.js:119:16): Serveur démarré sur le port 1111
[03/06/2022 - 19:04:46.340 LOG] (\V4.1\server.js:104:16): [sock][+] [XqV0TzHZN0cRrd8uAAAB] Connected.
[03/06/2022 - 19:06:21.696 INFO] (\V4.1\server.js:119:16): Serveur démarré sur le port 1111
[03/06/2022 - 19:06:21.869 LOG] (\V4.1\server.js:104:16): [sock][+] [Gb7KxTzbBBelssWiAAAB] Connected.
[03/06/2022 - 19:07:35.346 INFO] (\V4.1\server.js:119:16): Serveur démarré sur le port 1111
[03/06/2022 - 19:07:36.242 LOG] (\V4.1\server.js:104:16): [sock][+] [HWl9GvLYWgP7-nf9AAAB] Connected.
[03/06/2022 - 19:07:50.556 INFO] (\V4.1\server.js:119:16): Serveur démarré sur le port 1111
[03/06/2022 - 19:07:50.622 LOG] (\V4.1\server.js:104:16): [sock][+] [rSElSbYz3UfYnHOVAAAB] Connected.
[03/06/2022 - 19:08:10.492 INFO] (\V4.1\server.js:119:16): Serveur démarré sur le port 1111
[03/06/2022 - 19:08:10.559 LOG] (\V4.1\server.js:104:16): [sock][+] [Aj5HnlHOOWyuHOWgAAAB] Connected.
[03/06/2022 - 19:11:26.591 INFO] (\V4.1\server.js:119:16): Serveur démarré sur le port 1111
[03/06/2022 - 19:11:26.817 LOG] (\V4.1\server.js:104:16): [sock][+] [lXLFQ7L-Ji8SubsmAAAB] Connected.
[03/06/2022 - 19:13:25.858 INFO] (\V4.1\server.js:119:16): Serveur démarré sur le port 1111
[03/06/2022 - 19:13:25.994 LOG] (\V4.1\server.js:104:16): [sock][+] [8FXkI-4C4l5Y2NK6AAAB] Connected.
[03/06/2022 - 19:15:10.558 INFO] (\V4.1\server.js:119:16): Serveur démarré sur le port 1111
[03/06/2022 - 19:15:10.639 LOG] (\V4.1\server.js:104:16): [sock][+] [AIebEIfV985Kv9uRAAAB] Connected.
[03/06/2022 - 19:20:49.331 INFO] (\V4.1\server.js:119:16): Serveur démarré sur le port 1111
[03/06/2022 - 19:20:49.412 LOG] (\V4.1\server.js:104:16): [sock][+] [7subgfOqVlqFLhQRAAAB] Connected.
[03/06/2022 - 19:22:16.709 INFO] (\V4.1\server.js:119:16): Serveur démarré sur le port 1111
[03/06/2022 - 19:22:19.237 LOG] (\V4.1\server.js:104:16): [sock][+] [cd3MLx4VZETPZCrqAAAB] Connected.
[03/06/2022 - 19:23:55.025 INFO] (\V4.1\server.js:119:16): Serveur démarré sur le port 1111
[03/06/2022 - 19:23:55.066 LOG] (\V4.1\server.js:104:16): [sock][+] [nmvdshd9AIdN9OZkAAAB] Connected.
[03/06/2022 - 19:24:44.890 INFO] (\V4.1\server.js:119:16): Serveur démarré sur le port 1111
[03/06/2022 - 19:24:44.994 LOG] (\V4.1\server.js:104:16): [sock][+] [UQauygFzw_4lEzMVAAAB] Connected.
[03/06/2022 - 19:25:22.753 INFO] (\V4.1\server.js:119:16): Serveur démarré sur le port 1111
[03/06/2022 - 19:25:22.937 LOG] (\V4.1\server.js:104:16): [sock][+] [9Xq7Io4R6isJZnvXAAAB] Connected.
[03/06/2022 - 19:42:50.356 INFO] (\V4.1\server.js:119:16): Serveur démarré sur le port 1111
[03/06/2022 - 19:42:50.420 LOG] (\V4.1\server.js:104:16): [sock][+] [R6LdVSEzUMG2eB10AAAB] Connected.
[03/06/2022 - 19:43:29.227 INFO] (\V4.1\server.js:119:16): Serveur démarré sur le port 1111
[03/06/2022 - 19:43:29.377 LOG] (\V4.1\server.js:104:16): [sock][+] [-Nes5ccRtV7t1ddLAAAB] Connected.
[03/06/2022 - 19:46:03.138 INFO] (\V4.1\server.js:119:16): Serveur démarré sur le port 1111
[03/06/2022 - 19:46:03.192 LOG] (\V4.1\server.js:104:16): [sock][+] [sJ1d09EHRIKAOzlqAAAB] Connected.
[03/06/2022 - 20:21:33.870 INFO] (\V4.1\server.js:119:16): Serveur démarré sur le port 1111
[03/06/2022 - 20:21:45.808 LOG] (\V4.1\server.js:104:16): [sock][+] [iw991yeNiRFmXGjZAAAB] Connected.
[03/06/2022 - 20:22:33.004 INFO] (\V4.1\server.js:119:16): Serveur démarré sur le port 1111
[03/06/2022 - 20:22:33.065 LOG] (\V4.1\server.js:104:16): [sock][+] [9aVbAYaw7cq6rDzBAAAB] Connected.
[03/06/2022 - 20:23:37.466 LOG] (\V4.1\server.js:108:20): [sock][-] [undefined] Disconnected.
[03/06/2022 - 20:24:23.389 LOG] (\V4.1\server.js:104:16): [sock][+] [ENXpZXcUnmYX1zYGAAAD] Connected.
[03/06/2022 - 21:54:03.620 INFO] (\V4.1\server.js:119:16): Serveur démarré sur le port 1111
[03/06/2022 - 21:54:03.799 LOG] (\V4.1\server.js:104:16): [sock][+] [dhGgl8irQdsDN3LTAAAB] Connected.
[03/06/2022 - 21:54:48.920 INFO] (\V4.1\server.js:119:16): Serveur démarré sur le port 1111
[03/06/2022 - 21:54:54.492 LOG] (\V4.1\server.js:104:16): [sock][+] [x6-aQsOkKgzw0WdTAAAB] Connected.
[03/06/2022 - 21:55:12.476 DEBUG] (\V4.1\server.js:84:16): got url:,/stt/?recognized=alors%20du%20coup%20en%20fait
[03/06/2022 - 21:55:12.479 DEBUG] (\V4.1\server.js:85:16): the query:,[object Object]
